Installing library in C:\Users\Gabriella\Desktop\haskell\lab4\.cabal-sandbox\x86_64-windows-ghc-8.2.1\attoparsec-0.13.2.2-KngfevSl04BDOVJsF6swDd
et ( Data\Attoparsec\ByteString\FastSet.hs, dist\dist-sandbox-5f7f1e30\build\Data\Attoparsec\ByteString\FastSet.o )
[ 2 of 21] Compiling Data.Attoparsec.Internal.Fhthagn ( Data\Attoparsec\Internal\Fhthagn.hs, dist\dist-sandbox-5f7f1e30\build\Data\Attoparsec\Internal\Fhthagn.o )
[ 3 of 21] Compiling Data.Attoparsec.ByteString.Buffer ( Data\Attoparsec\ByteString\Buffer.hs, dist\dist-sandbox-5f7f1e30\build\Data\Attoparsec\ByteString\Buffer.o )
[ 4 of 21] Compiling Data.Attoparsec.Number ( Data\Attoparsec\Number.hs, dist\dist-sandbox-5f7f1e30\build\Data\Attoparsec\Number.o )
[ 5 of 21] Compiling Data.Attoparsec.Text.Buffer ( Data\Attoparsec\Text\Buffer.hs, dist\dist-sandbox-5f7f1e30\build\Data\Attoparsec\Text\Buffer.o )
[ 6 of 21] Compiling Data.Attoparsec.Internal.Types ( Data\Attoparsec\Internal\Types.hs, dist\dist-sandbox-5f7f1e30\build\Data\Attoparsec\Internal\Types.o )
[ 7 of 21] Compiling Data.Attoparsec.Internal ( Data\Attoparsec\Internal.hs, dist\dist-sandbox-5f7f1e30\build\Data\Attoparsec\Internal.o )
[ 8 of 21] Compiling Data.Attoparsec.Text.FastSet ( Data\Attoparsec\Text\FastSet.hs, dist\dist-sandbox-5f7f1e30\build\Data\Attoparsec\Text\FastSet.o )
[ 9 of 21] Compiling Data.Attoparsec.Types ( Data\Attoparsec\Types.hs, dist\dist-sandbox-5f7f1e30\build\Data\Attoparsec\Types.o )
[10 of 21] Compiling Data.Attoparsec.Zepto ( Data\Attoparsec\Zepto.hs, dist\dist-sandbox-5f7f1e30\build\Data\Attoparsec\Zepto.o )
[11 of 21] Compiling Data.Attoparsec.Combinator ( Data\Attoparsec\Combinator.hs, dist\dist-sandbox-5f7f1e30\build\Data\Attoparsec\Combinator.o )
[12 of 21] Compiling Data.Attoparsec.Text.Internal ( Data\Attoparsec\Text\Internal.hs, dist\dist-sandbox-5f7f1e30\build\Data\Attoparsec\Text\Internal.o )
[13 of 21] Compiling Data.Attoparsec.Text ( Data\Attoparsec\Text.hs, dist\dist-sandbox-5f7f1e30\build\Data\Attoparsec\Text.o )
[14 of 21] Compiling Data.Attoparsec.Text.Lazy ( Data\Attoparsec\Text\Lazy.hs, dist\dist-sandbox-5f7f1e30\build\Data\Attoparsec\Text\Lazy.o )
[15 of 21] Compiling Data.Attoparsec.ByteString.Internal ( Data\Attoparsec\ByteString\Internal.hs, dist\dist-sandbox-5f7f1e30\build\Data\Attoparsec\ByteString\Internal.o )
[16 of 21] Compiling Data.Attoparsec.ByteString ( Data\Attoparsec\ByteString.hs, dist\dist-sandbox-5f7f1e30\build\Data\Attoparsec\ByteString.o )
[17 of 21] Compiling Data.Attoparsec.ByteString.Lazy ( Data\Attoparsec\ByteString\Lazy.hs, dist\dist-sandbox-5f7f1e30\build\Data\Attoparsec\ByteString\Lazy.o )
[18 of 21] Compiling Data.Attoparsec.Lazy ( Data\Attoparsec\Lazy.hs, dist\dist-sandbox-5f7f1e30\build\Data\Attoparsec\Lazy.o )
[19 of 21] Compiling Data.Attoparsec.ByteString.Char8 ( Data\Attoparsec\ByteString\Char8.hs, dist\dist-sandbox-5f7f1e30\build\Data\Attoparsec\ByteString\Char8.o )
[20 of 21] Compiling Data.Attoparsec.Char8 ( Data\Attoparsec\Char8.hs, dist\dist-sandbox-5f7f1e30\build\Data\Attoparsec\Char8.o )
[21 of 21] Compiling Data.Attoparsec  ( Data\Attoparsec.hs, dist\dist-sandbox-5f7f1e30\build\Data\Attoparsec.o )
cabal: Leaving directory 'C:\Users\GABRIE~1\AppData\Local\Temp\cabal-tmp-4152\attoparsec-0.13.2.2'
