Installing library in C:\Users\Gabriella\Desktop\haskell\lab4\.cabal-sandbox\x86_64-windows-ghc-8.2.1\mtl-2.2.2-66ig9UaneeyLsFfM6C0BmM
ont\Class.hs, dist\dist-sandbox-5f7f1e30\build\Control\Monad\Cont\Class.o )
[ 2 of 22] Compiling Control.Monad.Error.Class ( Control\Monad\Error\Class.hs, dist\dist-sandbox-5f7f1e30\build\Control\Monad\Error\Class.o )
[ 3 of 22] Compiling Control.Monad.Identity ( Control\Monad\Identity.hs, dist\dist-sandbox-5f7f1e30\build\Control\Monad\Identity.o )
[ 4 of 22] Compiling Control.Monad.Reader.Class ( Control\Monad\Reader\Class.hs, dist\dist-sandbox-5f7f1e30\build\Control\Monad\Reader\Class.o )
[ 5 of 22] Compiling Control.Monad.State.Class ( Control\Monad\State\Class.hs, dist\dist-sandbox-5f7f1e30\build\Control\Monad\State\Class.o )
[ 6 of 22] Compiling Control.Monad.Trans ( Control\Monad\Trans.hs, dist\dist-sandbox-5f7f1e30\build\Control\Monad\Trans.o )
[ 7 of 22] Compiling Control.Monad.State.Strict ( Control\Monad\State\Strict.hs, dist\dist-sandbox-5f7f1e30\build\Control\Monad\State\Strict.o )
[ 8 of 22] Compiling Control.Monad.State.Lazy ( Control\Monad\State\Lazy.hs, dist\dist-sandbox-5f7f1e30\build\Control\Monad\State\Lazy.o )
[ 9 of 22] Compiling Control.Monad.State ( Control\Monad\State.hs, dist\dist-sandbox-5f7f1e30\build\Control\Monad\State.o )
[10 of 22] Compiling Control.Monad.Reader ( Control\Monad\Reader.hs, dist\dist-sandbox-5f7f1e30\build\Control\Monad\Reader.o )
[11 of 22] Compiling Control.Monad.List ( Control\Monad\List.hs, dist\dist-sandbox-5f7f1e30\build\Control\Monad\List.o )
[12 of 22] Compiling Control.Monad.Except ( Control\Monad\Except.hs, dist\dist-sandbox-5f7f1e30\build\Control\Monad\Except.o )
[13 of 22] Compiling Control.Monad.Error ( Control\Monad\Error.hs, dist\dist-sandbox-5f7f1e30\build\Control\Monad\Error.o )
[14 of 22] Compiling Control.Monad.Cont ( Control\Monad\Cont.hs, dist\dist-sandbox-5f7f1e30\build\Control\Monad\Cont.o )
[15 of 22] Compiling Control.Monad.Writer.Class ( Control\Monad\Writer\Class.hs, dist\dist-sandbox-5f7f1e30\build\Control\Monad\Writer\Class.o )
[16 of 22] Compiling Control.Monad.RWS.Class ( Control\Monad\RWS\Class.hs, dist\dist-sandbox-5f7f1e30\build\Control\Monad\RWS\Class.o )
[17 of 22] Compiling Control.Monad.RWS.Strict ( Control\Monad\RWS\Strict.hs, dist\dist-sandbox-5f7f1e30\build\Control\Monad\RWS\Strict.o )
[18 of 22] Compiling Control.Monad.RWS.Lazy ( Control\Monad\RWS\Lazy.hs, dist\dist-sandbox-5f7f1e30\build\Control\Monad\RWS\Lazy.o )
[19 of 22] Compiling Control.Monad.RWS ( Control\Monad\RWS.hs, dist\dist-sandbox-5f7f1e30\build\Control\Monad\RWS.o )
[20 of 22] Compiling Control.Monad.Writer.Lazy ( Control\Monad\Writer\Lazy.hs, dist\dist-sandbox-5f7f1e30\build\Control\Monad\Writer\Lazy.o )
[21 of 22] Compiling Control.Monad.Writer ( Control\Monad\Writer.hs, dist\dist-sandbox-5f7f1e30\build\Control\Monad\Writer.o )
[22 of 22] Compiling Control.Monad.Writer.Strict ( Control\Monad\Writer\Strict.hs, dist\dist-sandbox-5f7f1e30\build\Control\Monad\Writer\Strict.o )
cabal: Leaving directory 'C:\Users\GABRIE~1\AppData\Local\Temp\cabal-tmp-11007\mtl-2.2.2'
