Installing library in C:\Users\Gabriella\Desktop\haskell\lab4\.cabal-sandbox\x86_64-windows-ghc-8.2.1\primitive-0.6.3.0-34Ly16zGGNgKmAkvvDRgPC
Monad\Primitive.hs, dist\dist-sandbox-5f7f1e30\build\Control\Monad\Primitive.o )

Control\Monad\Primitive.hs:46:1: warning: [-Wdeprecations]
    Module `Control.Monad.Trans.List' is deprecated:
      This transformer is invalid on most monads
   |
46 | import Control.Monad.Trans.List     ( ListT    )
   | ^^^^^^^^^^^^^^^^^^^^^^^^^^^^^^^^^^^^^^^^^^^^^^^^

Control\Monad\Primitive.hs:48:1: warning: [-Wdeprecations]
    Module `Control.Monad.Trans.Error' is deprecated:
      Use Control.Monad.Trans.Except instead
   |
48 | import Control.Monad.Trans.Error    ( ErrorT, Error)
   | ^^^^^^^^^^^^^^^^^^^^^^^^^^^^^^^^^^^^^^^^^^^^^^^^^^^^

Control\Monad\Primitive.hs:111:36: warning: [-Wdeprecations]
    In the use of type constructor or class `ListT'
    (imported from Control.Monad.Trans.List):
    Deprecated: "This transformer is invalid on most monads"
    |
111 | instance PrimMonad m => PrimMonad (ListT m) where
    |                                    ^^^^^

Control\Monad\Primitive.hs:112:19: warning: [-Wdeprecations]
    In the use of type constructor or class `ListT'
    (imported from Control.Monad.Trans.List):
    Deprecated: "This transformer is invalid on most monads"
    |
112 |   type PrimState (ListT m) = PrimState m
    |                   ^^^^^

Control\Monad\Primitive.hs:119:11: warning: [-Wdeprecations]
    In the use of type constructor or class `Error'
    (imported from Control.Monad.Trans.Error):
    Deprecated: "Use Control.Monad.Trans.Except instead"
    |
119 | instance (Error e, PrimMonad m) => PrimMonad (ErrorT e m) where
    |           ^^^^^

Control\Monad\Primitive.hs:119:47: warning: [-Wdeprecations]
    In the use of type constructor or class `ErrorT'
    (imported from Control.Monad.Trans.Error):
    Deprecated: "Use Control.Monad.Trans.Except instead"
    |
119 | instance (Error e, PrimMonad m) => PrimMonad (ErrorT e m) where
    |                                               ^^^^^^

Control\Monad\Primitive.hs:120:19: warning: [-Wdeprecations]
    In the use of type constructor or class `ErrorT'
    (imported from Control.Monad.Trans.Error):
    Deprecated: "Use Control.Monad.Trans.Except instead"
    |
120 |   type PrimState (ErrorT e m) = PrimState m
    |                   ^^^^^^
[ 2 of 12] Compiling Data.Primitive.Internal.Compat ( Data\Primitive\Internal\Compat.hs, dist\dist-sandbox-5f7f1e30\build\Data\Primitive\Internal\Compat.o )
[ 3 of 12] Compiling Data.Primitive.Array ( Data\Primitive\Array.hs, dist\dist-sandbox-5f7f1e30\build\Data\Primitive\Array.o )
[ 4 of 12] Compiling Data.Primitive.MachDeps ( Data\Primitive\MachDeps.hs, dist\dist-sandbox-5f7f1e30\build\Data\Primitive\MachDeps.o )
[ 5 of 12] Compiling Data.Primitive.Internal.Operations ( Data\Primitive\Internal\Operations.hs, dist\dist-sandbox-5f7f1e30\build\Data\Primitive\Internal\Operations.o )
[ 6 of 12] Compiling Data.Primitive.MutVar ( Data\Primitive\MutVar.hs, dist\dist-sandbox-5f7f1e30\build\Data\Primitive\MutVar.o )
[ 7 of 12] Compiling Data.Primitive.SmallArray ( Data\Primitive\SmallArray.hs, dist\dist-sandbox-5f7f1e30\build\Data\Primitive\SmallArray.o )
[ 8 of 12] Compiling Data.Primitive.Types ( Data\Primitive\Types.hs, dist\dist-sandbox-5f7f1e30\build\Data\Primitive\Types.o )
[ 9 of 12] Compiling Data.Primitive.ByteArray ( Data\Primitive\ByteArray.hs, dist\dist-sandbox-5f7f1e30\build\Data\Primitive\ByteArray.o )
[10 of 12] Compiling Data.Primitive.Addr ( Data\Primitive\Addr.hs, dist\dist-sandbox-5f7f1e30\build\Data\Primitive\Addr.o )
[11 of 12] Compiling Data.Primitive   ( Data\Primitive.hs, dist\dist-sandbox-5f7f1e30\build\Data\Primitive.o )
[12 of 12] Compiling Data.Primitive.UnliftedArray ( Data\Primitive\UnliftedArray.hs, dist\dist-sandbox-5f7f1e30\build\Data\Primitive\UnliftedArray.o )
cabal: Leaving directory 'C:\Users\GABRIE~1\AppData\Local\Temp\cabal-tmp-11005\primitive-0.6.3.0'
