Installing library in C:\Users\Gabriella\Desktop\haskell\lab4\.cabal-sandbox\x86_64-windows-ghc-8.2.1\transformers-0.5.5.0-CmaPDo3jwY68l6Uq24NA51
 Control\Applicative\Backwards.hs, dist\dist-sandbox-5f7f1e30\build\Control\Applicative\Backwards.o )
[ 2 of 24] Compiling Control.Monad.Signatures ( Control\Monad\Signatures.hs, dist\dist-sandbox-5f7f1e30\build\Control\Monad\Signatures.o )
[ 3 of 24] Compiling Control.Monad.Trans.Class ( Control\Monad\Trans\Class.hs, dist\dist-sandbox-5f7f1e30\build\Control\Monad\Trans\Class.o )
[ 4 of 24] Compiling Control.Monad.Trans.Cont ( Control\Monad\Trans\Cont.hs, dist\dist-sandbox-5f7f1e30\build\Control\Monad\Trans\Cont.o )
[ 5 of 24] Compiling Control.Monad.Trans.Error ( Control\Monad\Trans\Error.hs, dist\dist-sandbox-5f7f1e30\build\Control\Monad\Trans\Error.o )
[ 6 of 24] Compiling Control.Monad.Trans.Except ( Control\Monad\Trans\Except.hs, dist\dist-sandbox-5f7f1e30\build\Control\Monad\Trans\Except.o )
[ 7 of 24] Compiling Control.Monad.Trans.Identity ( Control\Monad\Trans\Identity.hs, dist\dist-sandbox-5f7f1e30\build\Control\Monad\Trans\Identity.o )
[ 8 of 24] Compiling Control.Monad.Trans.List ( Control\Monad\Trans\List.hs, dist\dist-sandbox-5f7f1e30\build\Control\Monad\Trans\List.o )
[ 9 of 24] Compiling Control.Monad.Trans.Maybe ( Control\Monad\Trans\Maybe.hs, dist\dist-sandbox-5f7f1e30\build\Control\Monad\Trans\Maybe.o )
[10 of 24] Compiling Control.Monad.Trans.RWS.Lazy ( Control\Monad\Trans\RWS\Lazy.hs, dist\dist-sandbox-5f7f1e30\build\Control\Monad\Trans\RWS\Lazy.o )
[11 of 24] Compiling Control.Monad.Trans.RWS ( Control\Monad\Trans\RWS.hs, dist\dist-sandbox-5f7f1e30\build\Control\Monad\Trans\RWS.o )
[12 of 24] Compiling Control.Monad.Trans.RWS.Strict ( Control\Monad\Trans\RWS\Strict.hs, dist\dist-sandbox-5f7f1e30\build\Control\Monad\Trans\RWS\Strict.o )
[13 of 24] Compiling Control.Monad.Trans.Reader ( Control\Monad\Trans\Reader.hs, dist\dist-sandbox-5f7f1e30\build\Control\Monad\Trans\Reader.o )
[14 of 24] Compiling Control.Monad.Trans.Select ( Control\Monad\Trans\Select.hs, dist\dist-sandbox-5f7f1e30\build\Control\Monad\Trans\Select.o )
[15 of 24] Compiling Control.Monad.Trans.State.Lazy ( Control\Monad\Trans\State\Lazy.hs, dist\dist-sandbox-5f7f1e30\build\Control\Monad\Trans\State\Lazy.o )
[16 of 24] Compiling Control.Monad.Trans.State ( Control\Monad\Trans\State.hs, dist\dist-sandbox-5f7f1e30\build\Control\Monad\Trans\State.o )
[17 of 24] Compiling Control.Monad.Trans.State.Strict ( Control\Monad\Trans\State\Strict.hs, dist\dist-sandbox-5f7f1e30\build\Control\Monad\Trans\State\Strict.o )
[18 of 24] Compiling Control.Monad.Trans.Writer.Lazy ( Control\Monad\Trans\Writer\Lazy.hs, dist\dist-sandbox-5f7f1e30\build\Control\Monad\Trans\Writer\Lazy.o )
[19 of 24] Compiling Control.Monad.Trans.Writer ( Control\Monad\Trans\Writer.hs, dist\dist-sandbox-5f7f1e30\build\Control\Monad\Trans\Writer.o )
[20 of 24] Compiling Control.Monad.Trans.Accum ( Control\Monad\Trans\Accum.hs, dist\dist-sandbox-5f7f1e30\build\Control\Monad\Trans\Accum.o )
[21 of 24] Compiling Control.Monad.Trans.Writer.Strict ( Control\Monad\Trans\Writer\Strict.hs, dist\dist-sandbox-5f7f1e30\build\Control\Monad\Trans\Writer\Strict.o )
[22 of 24] Compiling Data.Functor.Constant ( Data\Functor\Constant.hs, dist\dist-sandbox-5f7f1e30\build\Data\Functor\Constant.o )
[23 of 24] Compiling Control.Applicative.Lift ( Control\Applicative\Lift.hs, dist\dist-sandbox-5f7f1e30\build\Control\Applicative\Lift.o )
[24 of 24] Compiling Data.Functor.Reverse ( Data\Functor\Reverse.hs, dist\dist-sandbox-5f7f1e30\build\Data\Functor\Reverse.o )
cabal: Leaving directory 'C:\Users\GABRIE~1\AppData\Local\Temp\cabal-tmp-11006\transformers-0.5.5.0'
